[04-Oct-2023 14:10:16 UTC] PHP Warning:  Trying to access array offset on value of type null in /var/www/web/app/plugins/kadence-pro/dist/dashboard/class-kadence-pro-dashboard.php on line 443
[04-Oct-2023 14:10:16 UTC] PHP Warning:  Trying to access array offset on value of type null in /var/www/web/app/plugins/kadence-pro/dist/dashboard/class-kadence-pro-dashboard.php on line 444
[04-Oct-2023 19:10:25 UTC] PHP Warning:  XMLReader::read(): /var/www/web/app/uploads/2023/10/demo-content-import-file_2023-10-04__19-10-24.xml:1: parser error : Document is empty in /var/www/web/app/plugins/kadence-starter-templates/vendor/wxr-importer/WXRImporter.php on line 357
[04-Oct-2023 19:10:25 UTC] PHP Warning:  XMLReader::read(): &quot;Invalid Request, Incorrect Page ID&quot; in /var/www/web/app/plugins/kadence-starter-templates/vendor/wxr-importer/WXRImporter.php on line 357
[04-Oct-2023 19:10:25 UTC] PHP Warning:  XMLReader::read(): ^ in /var/www/web/app/plugins/kadence-starter-templates/vendor/wxr-importer/WXRImporter.php on line 357
[04-Oct-2023 19:10:25 UTC] PHP Warning:  Undefined property: Kadence_Starter_Templates\Logger::$messages in /var/www/web/app/plugins/kadence-starter-templates/class-kadence-starter-templates.php on line 1807
[04-Oct-2023 19:12:12 UTC] PHP Warning:  XMLReader::read(): /var/www/web/app/uploads/2023/10/demo-content-import-file_2023-10-04__19-12-11.xml:1: parser error : Document is empty in /var/www/web/app/plugins/kadence-starter-templates/vendor/wxr-importer/WXRImporter.php on line 357
[04-Oct-2023 19:12:12 UTC] PHP Warning:  XMLReader::read(): &quot;Invalid Request, Incorrect Page ID&quot; in /var/www/web/app/plugins/kadence-starter-templates/vendor/wxr-importer/WXRImporter.php on line 357
[04-Oct-2023 19:12:12 UTC] PHP Warning:  XMLReader::read(): ^ in /var/www/web/app/plugins/kadence-starter-templates/vendor/wxr-importer/WXRImporter.php on line 357
[04-Oct-2023 19:12:12 UTC] PHP Warning:  Undefined property: Kadence_Starter_Templates\Logger::$messages in /var/www/web/app/plugins/kadence-starter-templates/class-kadence-starter-templates.php on line 1807
[04-Oct-2023 19:16:42 UTC] PHP Warning:  XMLReader::read(): /var/www/web/app/uploads/2023/10/demo-content-import-file_2023-10-04__19-16-41.xml:1: parser error : Document is empty in /var/www/web/app/plugins/kadence-starter-templates/vendor/wxr-importer/WXRImporter.php on line 357
[04-Oct-2023 19:16:42 UTC] PHP Warning:  XMLReader::read(): &quot;Invalid Request, Incorrect Page ID&quot; in /var/www/web/app/plugins/kadence-starter-templates/vendor/wxr-importer/WXRImporter.php on line 357
[04-Oct-2023 19:16:42 UTC] PHP Warning:  XMLReader::read(): ^ in /var/www/web/app/plugins/kadence-starter-templates/vendor/wxr-importer/WXRImporter.php on line 357
[04-Oct-2023 19:16:42 UTC] PHP Warning:  Undefined property: Kadence_Starter_Templates\Logger::$messages in /var/www/web/app/plugins/kadence-starter-templates/class-kadence-starter-templates.php on line 1807
[04-Oct-2023 20:30:21 UTC] PHP Warning:  Trying to access array offset on value of type null in /var/www/web/app/plugins/kadence-pro/dist/dashboard/class-kadence-pro-dashboard.php on line 443
[04-Oct-2023 20:30:21 UTC] PHP Warning:  Trying to access array offset on value of type null in /var/www/web/app/plugins/kadence-pro/dist/dashboard/class-kadence-pro-dashboard.php on line 444
[04-Oct-2023 20:56:13 UTC] PHP Warning:  include(/var/www/web/app/plugins/fluentform/vendor/composer/../../app/Modules/Widgets/SidebarWidgets.php): Failed to open stream: No such file or directory in /var/www/vendor/composer/ClassLoader.php on line 576
[04-Oct-2023 20:56:13 UTC] PHP Warning:  include(): Failed opening '/var/www/web/app/plugins/fluentform/vendor/composer/../../app/Modules/Widgets/SidebarWidgets.php' for inclusion (include_path='.:/usr/local/lib/php') in /var/www/vendor/composer/ClassLoader.php on line 576
[04-Oct-2023 20:56:13 UTC] PHP Warning:  include(/var/www/web/app/plugins/fluentform/vendor/composer/../../app/Modules/Widgets/SidebarWidgets.php): Failed to open stream: No such file or directory in /var/www/vendor/composer/ClassLoader.php on line 576
[04-Oct-2023 20:56:13 UTC] PHP Fatal error:  Uncaught Error: Class "FluentForm\App\Modules\Widgets\SidebarWidgets" not found in /var/www/web/wp/wp-includes/class-wp-widget-factory.php:62
Stack trace:
#0 /var/www/web/wp/wp-includes/widgets.php(115): WP_Widget_Factory->register('FluentForm\\App\\...')
#1 /var/www/web/app/plugins/fluentform/app/Hooks/actions.php(745): register_widget('FluentForm\\App\\...')
#2 /var/www/web/wp/wp-includes/class-wp-hook.php(310): FluentForm\Framework\Foundation\Application->{closure}('')
#3 /var/www/web/wp/wp-includes/class-wp-hook.php(334): WP_Hook->apply_filters(NULL, Array)
#4 /var/www/web/wp/wp-includes/plugin.php(517): WP_Hook->do_action(Array)
#5 /var/www/web/wp/wp-includes/widgets.php(1858): do_action('widgets_init')
#6 /var/www/web/wp/wp-includes/class-wp-hook.php(310): wp_widgets_init('')
#7 /var/www/web/wp/wp-includes/class-wp-hook.php(334): WP_Hook->apply_filters(NULL, Array)
#8 /var/www/web/wp/wp-includes/plugin.php(517): WP_Hook->do_action(Array)
#9 /var/www/web/wp/wp-settings.php(632): do_action('init')
#10 /var/www/web/wp-config.php(9): require_once('/var/www/web/wp...')
#11 /var/www/web/wp/wp-load.php(55): require_once('/var/www/web/wp...')
#12 /var/www/web/wp/wp-admin/admin.php(34): require_once('/var/www/web/wp...')
#13 /var/www/web/wp/wp-admin/plugins.php(10): require_once('/var/www/web/wp...')
#14 {main}
  thrown in /var/www/web/wp/wp-includes/class-wp-widget-factory.php on line 62
[04-Oct-2023 20:56:13 UTC] PHP Warning:  include(): Failed opening '/var/www/web/app/plugins/fluentform/vendor/composer/../../app/Modules/Widgets/SidebarWidgets.php' for inclusion (include_path='.:/usr/local/lib/php') in /var/www/vendor/composer/ClassLoader.php on line 576
[04-Oct-2023 20:56:13 UTC] PHP Warning:  include(/var/www/web/app/plugins/fluentform/vendor/composer/../../app/Modules/Widgets/SidebarWidgets.php): Failed to open stream: No such file or directory in /var/www/vendor/composer/ClassLoader.php on line 576
[04-Oct-2023 20:56:13 UTC] PHP Fatal error:  Uncaught Error: Class "FluentForm\App\Modules\Widgets\SidebarWidgets" not found in /var/www/web/wp/wp-includes/class-wp-widget-factory.php:62
Stack trace:
#0 /var/www/web/wp/wp-includes/widgets.php(115): WP_Widget_Factory->register('FluentForm\\App\\...')
#1 /var/www/web/app/plugins/fluentform/app/Hooks/actions.php(745): register_widget('FluentForm\\App\\...')
#2 /var/www/web/wp/wp-includes/class-wp-hook.php(310): FluentForm\Framework\Foundation\Application->{closure}('')
#3 /var/www/web/wp/wp-includes/class-wp-hook.php(334): WP_Hook->apply_filters(NULL, Array)
#4 /var/www/web/wp/wp-includes/plugin.php(517): WP_Hook->do_action(Array)
#5 /var/www/web/wp/wp-includes/widgets.php(1858): do_action('widgets_init')
#6 /var/www/web/wp/wp-includes/class-wp-hook.php(310): wp_widgets_init('')
#7 /var/www/web/wp/wp-includes/class-wp-hook.php(334): WP_Hook->apply_filters(NULL, Array)
#8 /var/www/web/wp/wp-includes/plugin.php(517): WP_Hook->do_action(Array)
#9 /var/www/web/wp/wp-settings.php(632): do_action('init')
#10 /var/www/web/wp-config.php(9): require_once('/var/www/web/wp...')
#11 /var/www/web/wp/wp-load.php(55): require_once('/var/www/web/wp...')
#12 /var/www/web/wp/wp-admin/admin-ajax.php(22): require_once('/var/www/web/wp...')
#13 {main}
  thrown in /var/www/web/wp/wp-includes/class-wp-widget-factory.php on line 62
[04-Oct-2023 20:56:13 UTC] PHP Warning:  include(): Failed opening '/var/www/web/app/plugins/fluentform/vendor/composer/../../app/Modules/Widgets/SidebarWidgets.php' for inclusion (include_path='.:/usr/local/lib/php') in /var/www/vendor/composer/ClassLoader.php on line 576
[04-Oct-2023 20:56:13 UTC] PHP Fatal error:  Uncaught Error: Class "FluentForm\App\Modules\Widgets\SidebarWidgets" not found in /var/www/web/wp/wp-includes/class-wp-widget-factory.php:62
Stack trace:
#0 /var/www/web/wp/wp-includes/widgets.php(115): WP_Widget_Factory->register('FluentForm\\App\\...')
#1 /var/www/web/app/plugins/fluentform/app/Hooks/actions.php(745): register_widget('FluentForm\\App\\...')
#2 /var/www/web/wp/wp-includes/class-wp-hook.php(310): FluentForm\Framework\Foundation\Application->{closure}('')
#3 /var/www/web/wp/wp-includes/class-wp-hook.php(334): WP_Hook->apply_filters(NULL, Array)
#4 /var/www/web/wp/wp-includes/plugin.php(517): WP_Hook->do_action(Array)
#5 /var/www/web/wp/wp-includes/widgets.php(1858): do_action('widgets_init')
#6 /var/www/web/wp/wp-includes/class-wp-hook.php(310): wp_widgets_init('')
#7 /var/www/web/wp/wp-includes/class-wp-hook.php(334): WP_Hook->apply_filters(NULL, Array)
#8 /var/www/web/wp/wp-includes/plugin.php(517): WP_Hook->do_action(Array)
#9 /var/www/web/wp/wp-settings.php(632): do_action('init')
#10 /var/www/web/wp-config.php(9): require_once('/var/www/web/wp...')
#11 /var/www/web/wp/wp-load.php(55): require_once('/var/www/web/wp...')
#12 /var/www/web/wp/wp-admin/admin-ajax.php(22): require_once('/var/www/web/wp...')
#13 {main}
  thrown in /var/www/web/wp/wp-includes/class-wp-widget-factory.php on line 62
[05-Oct-2023 09:36:49 UTC] PHP Warning:  Trying to access array offset on value of type null in /var/www/web/app/plugins/kadence-pro/dist/dashboard/class-kadence-pro-dashboard.php on line 443
[05-Oct-2023 09:36:49 UTC] PHP Warning:  Trying to access array offset on value of type null in /var/www/web/app/plugins/kadence-pro/dist/dashboard/class-kadence-pro-dashboard.php on line 444
[05-Oct-2023 13:36:18 UTC] PHP Fatal error:  Uncaught Error: Undefined constant "WPMC_PATH" in /var/www/web/app/plugins/media-cleaner-pro/classes/init.php:15
Stack trace:
#0 /var/www/web/app/plugins/media-cleaner-pro/classes/init.php(39): {closure}('Meow_WPMC_Core')
#1 /var/www/web/app/plugins/database-cleaner-pro/database-cleaner-pro.php(27): require_once('/var/www/web/ap...')
#2 /var/www/web/wp/wp-settings.php(462): include_once('/var/www/web/ap...')
#3 /var/www/web/wp-config.php(9): require_once('/var/www/web/wp...')
#4 /var/www/web/wp/wp-load.php(55): require_once('/var/www/web/wp...')
#5 /var/www/web/wp/wp-admin/admin.php(34): require_once('/var/www/web/wp...')
#6 /var/www/web/wp/wp-admin/plugins.php(10): require_once('/var/www/web/wp...')
#7 {main}
  thrown in /var/www/web/app/plugins/media-cleaner-pro/classes/init.php on line 15
[05-Oct-2023 13:36:18 UTC] PHP Fatal error:  Uncaught Error: Undefined constant "WPMC_PATH" in /var/www/web/app/plugins/media-cleaner-pro/classes/init.php:18
Stack trace:
#0 /var/www/web/app/plugins/media-cleaner-pro/classes/init.php(37): {closure}('MeowCommon_Help...')
#1 /var/www/web/app/plugins/database-cleaner-pro/database-cleaner-pro.php(27): require_once('/var/www/web/ap...')
#2 /var/www/web/wp/wp-settings.php(462): include_once('/var/www/web/ap...')
#3 /var/www/web/wp-config.php(9): require_once('/var/www/web/wp...')
#4 /var/www/web/wp/wp-load.php(55): require_once('/var/www/web/wp...')
#5 /var/www/web/wp/wp-blog-header.php(13): require_once('/var/www/web/wp...')
#6 /var/www/web/index.php(6): require('/var/www/web/wp...')
#7 {main}
  thrown in /var/www/web/app/plugins/media-cleaner-pro/classes/init.php on line 18
[05-Oct-2023 13:36:20 UTC] PHP Fatal error:  Uncaught Error: Undefined constant "WPMC_PATH" in /var/www/web/app/plugins/media-cleaner-pro/classes/init.php:15
Stack trace:
#0 /var/www/web/app/plugins/media-cleaner-pro/classes/init.php(39): {closure}('Meow_WPMC_Core')
#1 /var/www/web/app/plugins/database-cleaner-pro/database-cleaner-pro.php(27): require_once('/var/www/web/ap...')
#2 /var/www/web/wp/wp-settings.php(462): include_once('/var/www/web/ap...')
#3 /var/www/web/wp-config.php(9): require_once('/var/www/web/wp...')
#4 /var/www/web/wp/wp-load.php(55): require_once('/var/www/web/wp...')
#5 /var/www/web/wp/wp-admin/admin.php(34): require_once('/var/www/web/wp...')
#6 /var/www/web/wp/wp-admin/plugins.php(10): require_once('/var/www/web/wp...')
#7 {main}
  thrown in /var/www/web/app/plugins/media-cleaner-pro/classes/init.php on line 15
[05-Oct-2023 13:36:20 UTC] PHP Fatal error:  Uncaught Error: Undefined constant "WPMC_PATH" in /var/www/web/app/plugins/media-cleaner-pro/classes/init.php:18
Stack trace:
#0 /var/www/web/app/plugins/media-cleaner-pro/classes/init.php(37): {closure}('MeowCommon_Help...')
#1 /var/www/web/app/plugins/database-cleaner-pro/database-cleaner-pro.php(27): require_once('/var/www/web/ap...')
#2 /var/www/web/wp/wp-settings.php(462): include_once('/var/www/web/ap...')
#3 /var/www/web/wp-config.php(9): require_once('/var/www/web/wp...')
#4 /var/www/web/wp/wp-load.php(55): require_once('/var/www/web/wp...')
#5 /var/www/web/wp/wp-blog-header.php(13): require_once('/var/www/web/wp...')
#6 /var/www/web/index.php(6): require('/var/www/web/wp...')
#7 {main}
  thrown in /var/www/web/app/plugins/media-cleaner-pro/classes/init.php on line 18
[05-Oct-2023 13:36:22 UTC] PHP Fatal error:  Uncaught Error: Undefined constant "WPMC_PATH" in /var/www/web/app/plugins/media-cleaner-pro/classes/init.php:15
Stack trace:
#0 /var/www/web/app/plugins/media-cleaner-pro/classes/init.php(39): {closure}('Meow_WPMC_Core')
#1 /var/www/web/app/plugins/database-cleaner-pro/database-cleaner-pro.php(27): require_once('/var/www/web/ap...')
#2 /var/www/web/wp/wp-settings.php(462): include_once('/var/www/web/ap...')
#3 /var/www/web/wp-config.php(9): require_once('/var/www/web/wp...')
#4 /var/www/web/wp/wp-load.php(55): require_once('/var/www/web/wp...')
#5 /var/www/web/wp/wp-admin/admin.php(34): require_once('/var/www/web/wp...')
#6 /var/www/web/wp/wp-admin/upload.php(10): require_once('/var/www/web/wp...')
#7 {main}
  thrown in /var/www/web/app/plugins/media-cleaner-pro/classes/init.php on line 15
[05-Oct-2023 13:36:22 UTC] PHP Fatal error:  Uncaught Error: Undefined constant "WPMC_PATH" in /var/www/web/app/plugins/media-cleaner-pro/classes/init.php:18
Stack trace:
#0 /var/www/web/app/plugins/media-cleaner-pro/classes/init.php(37): {closure}('MeowCommon_Help...')
#1 /var/www/web/app/plugins/database-cleaner-pro/database-cleaner-pro.php(27): require_once('/var/www/web/ap...')
#2 /var/www/web/wp/wp-settings.php(462): include_once('/var/www/web/ap...')
#3 /var/www/web/wp-config.php(9): require_once('/var/www/web/wp...')
#4 /var/www/web/wp/wp-load.php(55): require_once('/var/www/web/wp...')
#5 /var/www/web/wp/wp-blog-header.php(13): require_once('/var/www/web/wp...')
#6 /var/www/web/index.php(6): require('/var/www/web/wp...')
#7 {main}
  thrown in /var/www/web/app/plugins/media-cleaner-pro/classes/init.php on line 18
[05-Oct-2023 13:36:22 UTC] PHP Fatal error:  Uncaught Error: Undefined constant "WPMC_PATH" in /var/www/web/app/plugins/media-cleaner-pro/classes/init.php:15
Stack trace:
#0 /var/www/web/app/plugins/media-cleaner-pro/classes/init.php(39): {closure}('Meow_WPMC_Core')
#1 /var/www/web/app/plugins/database-cleaner-pro/database-cleaner-pro.php(27): require_once('/var/www/web/ap...')
#2 /var/www/web/wp/wp-settings.php(462): include_once('/var/www/web/ap...')
#3 /var/www/web/wp-config.php(9): require_once('/var/www/web/wp...')
#4 /var/www/web/wp/wp-load.php(55): require_once('/var/www/web/wp...')
#5 /var/www/web/wp/wp-admin/admin.php(34): require_once('/var/www/web/wp...')
#6 {main}
  thrown in /var/www/web/app/plugins/media-cleaner-pro/classes/init.php on line 15
[05-Oct-2023 13:36:22 UTC] PHP Fatal error:  Uncaught Error: Undefined constant "WPMC_PATH" in /var/www/web/app/plugins/media-cleaner-pro/classes/init.php:18
Stack trace:
#0 /var/www/web/app/plugins/media-cleaner-pro/classes/init.php(37): {closure}('MeowCommon_Help...')
#1 /var/www/web/app/plugins/database-cleaner-pro/database-cleaner-pro.php(27): require_once('/var/www/web/ap...')
#2 /var/www/web/wp/wp-settings.php(462): include_once('/var/www/web/ap...')
#3 /var/www/web/wp-config.php(9): require_once('/var/www/web/wp...')
#4 /var/www/web/wp/wp-load.php(55): require_once('/var/www/web/wp...')
#5 /var/www/web/wp/wp-blog-header.php(13): require_once('/var/www/web/wp...')
#6 /var/www/web/index.php(6): require('/var/www/web/wp...')
#7 {main}
  thrown in /var/www/web/app/plugins/media-cleaner-pro/classes/init.php on line 18
[05-Oct-2023 13:36:23 UTC] PHP Fatal error:  Uncaught Error: Undefined constant "WPMC_PATH" in /var/www/web/app/plugins/media-cleaner-pro/classes/init.php:15
Stack trace:
#0 /var/www/web/app/plugins/media-cleaner-pro/classes/init.php(39): {closure}('Meow_WPMC_Core')
#1 /var/www/web/app/plugins/database-cleaner-pro/database-cleaner-pro.php(27): require_once('/var/www/web/ap...')
#2 /var/www/web/wp/wp-settings.php(462): include_once('/var/www/web/ap...')
#3 /var/www/web/wp-config.php(9): require_once('/var/www/web/wp...')
#4 /var/www/web/wp/wp-load.php(55): require_once('/var/www/web/wp...')
#5 /var/www/web/wp/wp-admin/admin.php(34): require_once('/var/www/web/wp...')
#6 {main}
  thrown in /var/www/web/app/plugins/media-cleaner-pro/classes/init.php on line 15
[05-Oct-2023 13:36:23 UTC] PHP Fatal error:  Uncaught Error: Undefined constant "WPMC_PATH" in /var/www/web/app/plugins/media-cleaner-pro/classes/init.php:18
Stack trace:
#0 /var/www/web/app/plugins/media-cleaner-pro/classes/init.php(37): {closure}('MeowCommon_Help...')
#1 /var/www/web/app/plugins/database-cleaner-pro/database-cleaner-pro.php(27): require_once('/var/www/web/ap...')
#2 /var/www/web/wp/wp-settings.php(462): include_once('/var/www/web/ap...')
#3 /var/www/web/wp-config.php(9): require_once('/var/www/web/wp...')
#4 /var/www/web/wp/wp-load.php(55): require_once('/var/www/web/wp...')
#5 /var/www/web/wp/wp-blog-header.php(13): require_once('/var/www/web/wp...')
#6 /var/www/web/index.php(6): require('/var/www/web/wp...')
#7 {main}
  thrown in /var/www/web/app/plugins/media-cleaner-pro/classes/init.php on line 18
[05-Oct-2023 13:36:25 UTC] PHP Fatal error:  Uncaught Error: Undefined constant "WPMC_PATH" in /var/www/web/app/plugins/media-cleaner-pro/classes/init.php:15
Stack trace:
#0 /var/www/web/app/plugins/media-cleaner-pro/classes/init.php(39): {closure}('Meow_WPMC_Core')
#1 /var/www/web/app/plugins/database-cleaner-pro/database-cleaner-pro.php(27): require_once('/var/www/web/ap...')
#2 /var/www/web/wp/wp-settings.php(462): include_once('/var/www/web/ap...')
#3 /var/www/web/wp-config.php(9): require_once('/var/www/web/wp...')
#4 /var/www/web/wp/wp-load.php(55): require_once('/var/www/web/wp...')
#5 /var/www/web/wp/wp-admin/admin.php(34): require_once('/var/www/web/wp...')
#6 /var/www/web/wp/wp-admin/index.php(10): require_once('/var/www/web/wp...')
#7 {main}
  thrown in /var/www/web/app/plugins/media-cleaner-pro/classes/init.php on line 15
[05-Oct-2023 13:36:25 UTC] PHP Fatal error:  Uncaught Error: Undefined constant "WPMC_PATH" in /var/www/web/app/plugins/media-cleaner-pro/classes/init.php:18
Stack trace:
#0 /var/www/web/app/plugins/media-cleaner-pro/classes/init.php(37): {closure}('MeowCommon_Help...')
#1 /var/www/web/app/plugins/database-cleaner-pro/database-cleaner-pro.php(27): require_once('/var/www/web/ap...')
#2 /var/www/web/wp/wp-settings.php(462): include_once('/var/www/web/ap...')
#3 /var/www/web/wp-config.php(9): require_once('/var/www/web/wp...')
#4 /var/www/web/wp/wp-load.php(55): require_once('/var/www/web/wp...')
#5 /var/www/web/wp/wp-blog-header.php(13): require_once('/var/www/web/wp...')
#6 /var/www/web/index.php(6): require('/var/www/web/wp...')
#7 {main}
  thrown in /var/www/web/app/plugins/media-cleaner-pro/classes/init.php on line 18
[05-Oct-2023 13:36:27 UTC] PHP Fatal error:  Uncaught Error: Undefined constant "WPMC_PATH" in /var/www/web/app/plugins/media-cleaner-pro/classes/init.php:15
Stack trace:
#0 /var/www/web/app/plugins/media-cleaner-pro/classes/init.php(39): {closure}('Meow_WPMC_Core')
#1 /var/www/web/app/plugins/database-cleaner-pro/database-cleaner-pro.php(27): require_once('/var/www/web/ap...')
#2 /var/www/web/wp/wp-settings.php(462): include_once('/var/www/web/ap...')
#3 /var/www/web/wp-config.php(9): require_once('/var/www/web/wp...')
#4 /var/www/web/wp/wp-load.php(55): require_once('/var/www/web/wp...')
#5 /var/www/web/wp/wp-admin/admin.php(34): require_once('/var/www/web/wp...')
#6 /var/www/web/wp/wp-admin/plugins.php(10): require_once('/var/www/web/wp...')
#7 {main}
  thrown in /var/www/web/app/plugins/media-cleaner-pro/classes/init.php on line 15
[05-Oct-2023 13:36:27 UTC] PHP Fatal error:  Uncaught Error: Undefined constant "WPMC_PATH" in /var/www/web/app/plugins/media-cleaner-pro/classes/init.php:18
Stack trace:
#0 /var/www/web/app/plugins/media-cleaner-pro/classes/init.php(37): {closure}('MeowCommon_Help...')
#1 /var/www/web/app/plugins/database-cleaner-pro/database-cleaner-pro.php(27): require_once('/var/www/web/ap...')
#2 /var/www/web/wp/wp-settings.php(462): include_once('/var/www/web/ap...')
#3 /var/www/web/wp-config.php(9): require_once('/var/www/web/wp...')
#4 /var/www/web/wp/wp-load.php(55): require_once('/var/www/web/wp...')
#5 /var/www/web/wp/wp-blog-header.php(13): require_once('/var/www/web/wp...')
#6 /var/www/web/index.php(6): require('/var/www/web/wp...')
#7 {main}
  thrown in /var/www/web/app/plugins/media-cleaner-pro/classes/init.php on line 18
[05-Oct-2023 13:36:29 UTC] PHP Fatal error:  Uncaught Error: Undefined constant "WPMC_PATH" in /var/www/web/app/plugins/media-cleaner-pro/classes/init.php:15
Stack trace:
#0 /var/www/web/app/plugins/media-cleaner-pro/classes/init.php(39): {closure}('Meow_WPMC_Core')
#1 /var/www/web/app/plugins/database-cleaner-pro/database-cleaner-pro.php(27): require_once('/var/www/web/ap...')
#2 /var/www/web/wp/wp-settings.php(462): include_once('/var/www/web/ap...')
#3 /var/www/web/wp-config.php(9): require_once('/var/www/web/wp...')
#4 /var/www/web/wp/wp-load.php(55): require_once('/var/www/web/wp...')
#5 /var/www/web/wp/wp-admin/admin.php(34): require_once('/var/www/web/wp...')
#6 /var/www/web/wp/wp-admin/plugins.php(10): require_once('/var/www/web/wp...')
#7 {main}
  thrown in /var/www/web/app/plugins/media-cleaner-pro/classes/init.php on line 15
[05-Oct-2023 13:36:29 UTC] PHP Fatal error:  Uncaught Error: Undefined constant "WPMC_PATH" in /var/www/web/app/plugins/media-cleaner-pro/classes/init.php:18
Stack trace:
#0 /var/www/web/app/plugins/media-cleaner-pro/classes/init.php(37): {closure}('MeowCommon_Help...')
#1 /var/www/web/app/plugins/database-cleaner-pro/database-cleaner-pro.php(27): require_once('/var/www/web/ap...')
#2 /var/www/web/wp/wp-settings.php(462): include_once('/var/www/web/ap...')
#3 /var/www/web/wp-config.php(9): require_once('/var/www/web/wp...')
#4 /var/www/web/wp/wp-load.php(55): require_once('/var/www/web/wp...')
#5 /var/www/web/wp/wp-blog-header.php(13): require_once('/var/www/web/wp...')
#6 /var/www/web/index.php(6): require('/var/www/web/wp...')
#7 {main}
  thrown in /var/www/web/app/plugins/media-cleaner-pro/classes/init.php on line 18
[05-Oct-2023 13:36:30 UTC] PHP Fatal error:  Uncaught Error: Undefined constant "WPMC_PATH" in /var/www/web/app/plugins/media-cleaner-pro/classes/init.php:15
Stack trace:
#0 /var/www/web/app/plugins/media-cleaner-pro/classes/init.php(39): {closure}('Meow_WPMC_Core')
#1 /var/www/web/app/plugins/database-cleaner-pro/database-cleaner-pro.php(27): require_once('/var/www/web/ap...')
#2 /var/www/web/wp/wp-settings.php(462): include_once('/var/www/web/ap...')
#3 /var/www/web/wp-config.php(9): require_once('/var/www/web/wp...')
#4 /var/www/web/wp/wp-load.php(55): require_once('/var/www/web/wp...')
#5 /var/www/web/wp/wp-admin/admin.php(34): require_once('/var/www/web/wp...')
#6 /var/www/web/wp/wp-admin/plugins.php(10): require_once('/var/www/web/wp...')
#7 {main}
  thrown in /var/www/web/app/plugins/media-cleaner-pro/classes/init.php on line 15
[05-Oct-2023 13:36:30 UTC] PHP Fatal error:  Uncaught Error: Undefined constant "WPMC_PATH" in /var/www/web/app/plugins/media-cleaner-pro/classes/init.php:18
Stack trace:
#0 /var/www/web/app/plugins/media-cleaner-pro/classes/init.php(37): {closure}('MeowCommon_Help...')
#1 /var/www/web/app/plugins/database-cleaner-pro/database-cleaner-pro.php(27): require_once('/var/www/web/ap...')
#2 /var/www/web/wp/wp-settings.php(462): include_once('/var/www/web/ap...')
#3 /var/www/web/wp-config.php(9): require_once('/var/www/web/wp...')
#4 /var/www/web/wp/wp-load.php(55): require_once('/var/www/web/wp...')
#5 /var/www/web/wp/wp-blog-header.php(13): require_once('/var/www/web/wp...')
#6 /var/www/web/index.php(6): require('/var/www/web/wp...')
#7 {main}
  thrown in /var/www/web/app/plugins/media-cleaner-pro/classes/init.php on line 18
[05-Oct-2023 13:36:30 UTC] PHP Fatal error:  Uncaught Error: Undefined constant "WPMC_PATH" in /var/www/web/app/plugins/media-cleaner-pro/classes/init.php:15
Stack trace:
#0 /var/www/web/app/plugins/media-cleaner-pro/classes/init.php(39): {closure}('Meow_WPMC_Core')
#1 /var/www/web/app/plugins/database-cleaner-pro/database-cleaner-pro.php(27): require_once('/var/www/web/ap...')
#2 /var/www/web/wp/wp-settings.php(462): include_once('/var/www/web/ap...')
#3 /var/www/web/wp-config.php(9): require_once('/var/www/web/wp...')
#4 /var/www/web/wp/wp-load.php(55): require_once('/var/www/web/wp...')
#5 /var/www/web/wp/wp-admin/admin.php(34): require_once('/var/www/web/wp...')
#6 /var/www/web/wp/wp-admin/plugins.php(10): require_once('/var/www/web/wp...')
#7 {main}
  thrown in /var/www/web/app/plugins/media-cleaner-pro/classes/init.php on line 15
[05-Oct-2023 13:36:30 UTC] PHP Fatal error:  Uncaught Error: Undefined constant "WPMC_PATH" in /var/www/web/app/plugins/media-cleaner-pro/classes/init.php:15
Stack trace:
#0 /var/www/web/app/plugins/media-cleaner-pro/classes/init.php(39): {closure}('Meow_WPMC_Core')
#1 /var/www/web/app/plugins/database-cleaner-pro/database-cleaner-pro.php(27): require_once('/var/www/web/ap...')
#2 /var/www/web/wp/wp-settings.php(462): include_once('/var/www/web/ap...')
#3 /var/www/web/wp-config.php(9): require_once('/var/www/web/wp...')
#4 /var/www/web/wp/wp-load.php(55): require_once('/var/www/web/wp...')
#5 /var/www/web/wp/wp-admin/admin.php(34): require_once('/var/www/web/wp...')
#6 /var/www/web/wp/wp-admin/plugins.php(10): require_once('/var/www/web/wp...')
#7 {main}
  thrown in /var/www/web/app/plugins/media-cleaner-pro/classes/init.php on line 15
[05-Oct-2023 13:36:30 UTC] PHP Fatal error:  Uncaught Error: Undefined constant "WPMC_PATH" in /var/www/web/app/plugins/media-cleaner-pro/classes/init.php:18
Stack trace:
#0 /var/www/web/app/plugins/media-cleaner-pro/classes/init.php(37): {closure}('MeowCommon_Help...')
#1 /var/www/web/app/plugins/database-cleaner-pro/database-cleaner-pro.php(27): require_once('/var/www/web/ap...')
#2 /var/www/web/wp/wp-settings.php(462): include_once('/var/www/web/ap...')
#3 /var/www/web/wp-config.php(9): require_once('/var/www/web/wp...')
#4 /var/www/web/wp/wp-load.php(55): require_once('/var/www/web/wp...')
#5 /var/www/web/wp/wp-blog-header.php(13): require_once('/var/www/web/wp...')
#6 /var/www/web/index.php(6): require('/var/www/web/wp...')
#7 {main}
  thrown in /var/www/web/app/plugins/media-cleaner-pro/classes/init.php on line 18
[05-Oct-2023 13:36:30 UTC] PHP Fatal error:  Uncaught Error: Undefined constant "WPMC_PATH" in /var/www/web/app/plugins/media-cleaner-pro/classes/init.php:18
Stack trace:
#0 /var/www/web/app/plugins/media-cleaner-pro/classes/init.php(37): {closure}('MeowCommon_Help...')
#1 /var/www/web/app/plugins/database-cleaner-pro/database-cleaner-pro.php(27): require_once('/var/www/web/ap...')
#2 /var/www/web/wp/wp-settings.php(462): include_once('/var/www/web/ap...')
#3 /var/www/web/wp-config.php(9): require_once('/var/www/web/wp...')
#4 /var/www/web/wp/wp-load.php(55): require_once('/var/www/web/wp...')
#5 /var/www/web/wp/wp-blog-header.php(13): require_once('/var/www/web/wp...')
#6 /var/www/web/index.php(6): require('/var/www/web/wp...')
#7 {main}
  thrown in /var/www/web/app/plugins/media-cleaner-pro/classes/init.php on line 18
[05-Oct-2023 13:36:31 UTC] PHP Fatal error:  Uncaught Error: Undefined constant "WPMC_PATH" in /var/www/web/app/plugins/media-cleaner-pro/classes/init.php:15
Stack trace:
#0 /var/www/web/app/plugins/media-cleaner-pro/classes/init.php(39): {closure}('Meow_WPMC_Core')
#1 /var/www/web/app/plugins/database-cleaner-pro/database-cleaner-pro.php(27): require_once('/var/www/web/ap...')
#2 /var/www/web/wp/wp-settings.php(462): include_once('/var/www/web/ap...')
#3 /var/www/web/wp-config.php(9): require_once('/var/www/web/wp...')
#4 /var/www/web/wp/wp-load.php(55): require_once('/var/www/web/wp...')
#5 /var/www/web/wp/wp-admin/admin.php(34): require_once('/var/www/web/wp...')
#6 /var/www/web/wp/wp-admin/plugins.php(10): require_once('/var/www/web/wp...')
#7 {main}
  thrown in /var/www/web/app/plugins/media-cleaner-pro/classes/init.php on line 15
[05-Oct-2023 13:36:31 UTC] PHP Fatal error:  Uncaught Error: Undefined constant "WPMC_PATH" in /var/www/web/app/plugins/media-cleaner-pro/classes/init.php:15
Stack trace:
#0 /var/www/web/app/plugins/media-cleaner-pro/classes/init.php(39): {closure}('Meow_WPMC_Core')
#1 /var/www/web/app/plugins/database-cleaner-pro/database-cleaner-pro.php(27): require_once('/var/www/web/ap...')
#2 /var/www/web/wp/wp-settings.php(462): include_once('/var/www/web/ap...')
#3 /var/www/web/wp-config.php(9): require_once('/var/www/web/wp...')
#4 /var/www/web/wp/wp-load.php(55): require_once('/var/www/web/wp...')
#5 /var/www/web/wp/wp-admin/admin.php(34): require_once('/var/www/web/wp...')
#6 /var/www/web/wp/wp-admin/plugins.php(10): require_once('/var/www/web/wp...')
#7 {main}
  thrown in /var/www/web/app/plugins/media-cleaner-pro/classes/init.php on line 15
[05-Oct-2023 13:36:31 UTC] PHP Fatal error:  Uncaught Error: Undefined constant "WPMC_PATH" in /var/www/web/app/plugins/media-cleaner-pro/classes/init.php:18
Stack trace:
#0 /var/www/web/app/plugins/media-cleaner-pro/classes/init.php(37): {closure}('MeowCommon_Help...')
#1 /var/www/web/app/plugins/database-cleaner-pro/database-cleaner-pro.php(27): require_once('/var/www/web/ap...')
#2 /var/www/web/wp/wp-settings.php(462): include_once('/var/www/web/ap...')
#3 /var/www/web/wp-config.php(9): require_once('/var/www/web/wp...')
#4 /var/www/web/wp/wp-load.php(55): require_once('/var/www/web/wp...')
#5 /var/www/web/wp/wp-blog-header.php(13): require_once('/var/www/web/wp...')
#6 /var/www/web/index.php(6): require('/var/www/web/wp...')
#7 {main}
  thrown in /var/www/web/app/plugins/media-cleaner-pro/classes/init.php on line 18
[05-Oct-2023 13:36:31 UTC] PHP Fatal error:  Uncaught Error: Undefined constant "WPMC_PATH" in /var/www/web/app/plugins/media-cleaner-pro/classes/init.php:15
Stack trace:
#0 /var/www/web/app/plugins/media-cleaner-pro/classes/init.php(39): {closure}('Meow_WPMC_Core')
#1 /var/www/web/app/plugins/database-cleaner-pro/database-cleaner-pro.php(27): require_once('/var/www/web/ap...')
#2 /var/www/web/wp/wp-settings.php(462): include_once('/var/www/web/ap...')
#3 /var/www/web/wp-config.php(9): require_once('/var/www/web/wp...')
#4 /var/www/web/wp/wp-load.php(55): require_once('/var/www/web/wp...')
#5 /var/www/web/wp/wp-admin/admin.php(34): require_once('/var/www/web/wp...')
#6 /var/www/web/wp/wp-admin/plugins.php(10): require_once('/var/www/web/wp...')
#7 {main}
  thrown in /var/www/web/app/plugins/media-cleaner-pro/classes/init.php on line 15
[05-Oct-2023 13:36:31 UTC] PHP Fatal error:  Uncaught Error: Undefined constant "WPMC_PATH" in /var/www/web/app/plugins/media-cleaner-pro/classes/init.php:18
Stack trace:
#0 /var/www/web/app/plugins/media-cleaner-pro/classes/init.php(37): {closure}('MeowCommon_Help...')
#1 /var/www/web/app/plugins/database-cleaner-pro/database-cleaner-pro.php(27): require_once('/var/www/web/ap...')
#2 /var/www/web/wp/wp-settings.php(462): include_once('/var/www/web/ap...')
#3 /var/www/web/wp-config.php(9): require_once('/var/www/web/wp...')
#4 /var/www/web/wp/wp-load.php(55): require_once('/var/www/web/wp...')
#5 /var/www/web/wp/wp-blog-header.php(13): require_once('/var/www/web/wp...')
#6 /var/www/web/index.php(6): require('/var/www/web/wp...')
#7 {main}
  thrown in /var/www/web/app/plugins/media-cleaner-pro/classes/init.php on line 18
[05-Oct-2023 13:36:31 UTC] PHP Fatal error:  Uncaught Error: Undefined constant "WPMC_PATH" in /var/www/web/app/plugins/media-cleaner-pro/classes/init.php:18
Stack trace:
#0 /var/www/web/app/plugins/media-cleaner-pro/classes/init.php(37): {closure}('MeowCommon_Help...')
#1 /var/www/web/app/plugins/database-cleaner-pro/database-cleaner-pro.php(27): require_once('/var/www/web/ap...')
#2 /var/www/web/wp/wp-settings.php(462): include_once('/var/www/web/ap...')
#3 /var/www/web/wp-config.php(9): require_once('/var/www/web/wp...')
#4 /var/www/web/wp/wp-load.php(55): require_once('/var/www/web/wp...')
#5 /var/www/web/wp/wp-blog-header.php(13): require_once('/var/www/web/wp...')
#6 /var/www/web/index.php(6): require('/var/www/web/wp...')
#7 {main}
  thrown in /var/www/web/app/plugins/media-cleaner-pro/classes/init.php on line 18
[05-Oct-2023 13:36:32 UTC] PHP Fatal error:  Uncaught Error: Undefined constant "WPMC_PATH" in /var/www/web/app/plugins/media-cleaner-pro/classes/init.php:18
Stack trace:
#0 /var/www/web/app/plugins/media-cleaner-pro/classes/init.php(37): {closure}('MeowCommon_Help...')
#1 /var/www/web/app/plugins/database-cleaner-pro/database-cleaner-pro.php(27): require_once('/var/www/web/ap...')
#2 /var/www/web/wp/wp-settings.php(462): include_once('/var/www/web/ap...')
#3 /var/www/web/wp-config.php(9): require_once('/var/www/web/wp...')
#4 /var/www/web/wp/wp-load.php(55): require_once('/var/www/web/wp...')
#5 /var/www/web/wp/wp-blog-header.php(13): require_once('/var/www/web/wp...')
#6 /var/www/web/index.php(6): require('/var/www/web/wp...')
#7 {main}
  thrown in /var/www/web/app/plugins/media-cleaner-pro/classes/init.php on line 18
[05-Oct-2023 13:36:32 UTC] PHP Fatal error:  Uncaught Error: Undefined constant "WPMC_PATH" in /var/www/web/app/plugins/media-cleaner-pro/classes/init.php:18
Stack trace:
#0 /var/www/web/app/plugins/media-cleaner-pro/classes/init.php(37): {closure}('MeowCommon_Help...')
#1 /var/www/web/app/plugins/database-cleaner-pro/database-cleaner-pro.php(27): require_once('/var/www/web/ap...')
#2 /var/www/web/wp/wp-settings.php(462): include_once('/var/www/web/ap...')
#3 /var/www/web/wp-config.php(9): require_once('/var/www/web/wp...')
#4 /var/www/web/wp/wp-load.php(55): require_once('/var/www/web/wp...')
#5 /var/www/web/wp/wp-blog-header.php(13): require_once('/var/www/web/wp...')
#6 /var/www/web/index.php(6): require('/var/www/web/wp...')
#7 {main}
  thrown in /var/www/web/app/plugins/media-cleaner-pro/classes/init.php on line 18
[05-Oct-2023 13:48:23 UTC] WordPress database error Duplicate entry 'betterlinks_db_alter_options' for key 'option_name' for query INSERT INTO wp_options ( option_name, option_value, autoload ) VALUES ( 'betterlinks_db_alter_options', 'a:1:{s:22:\"added_uncloaked_column\";b:1;}', 'no' ) made by do_action('admin_init'), WP_Hook->do_action, WP_Hook->apply_filters, BetterLinks->do_the_works_if_failed_during_activation, BetterLinks\Installer->fix_betterlinks_db, BetterLinks\Helper::btl_update_option
[05-Oct-2023 13:48:23 UTC] WordPress database error Duplicate entry 'betterlinks_db_alter_options' for key 'option_name' for query INSERT INTO wp_options ( option_name, option_value, autoload ) VALUES ( 'betterlinks_db_alter_options', 'a:1:{s:21:\"added_favorite_column\";b:1;}', 'no' ) made by do_action('admin_init'), WP_Hook->do_action, WP_Hook->apply_filters, BetterLinks->do_the_works_if_failed_during_activation, BetterLinks\Installer->fix_betterlinks_db, BetterLinks\Helper::btl_update_option
